<?xml version="1.0" encoding="UTF-8"?>
<!-- Generated by org.testng.reporters.JUnitReportReporter -->
<testsuite hostname="DESKTOP-1TO35R0" failures="0" tests="3" name="Test.Two" time="0.002" errors="0" timestamp="2022-11-10T14:11:40 IST" skipped="0">
  <testcase classname="Test.Two" name="eleven" time="0.001"/>
  <system-out/>
  <testcase classname="Test.Two" name="thirteen" time="0.000"/>
  <system-out/>
  <testcase classname="Test.Two" name="twelve" time="0.001"/>
  <system-out/>
</testsuite> <!-- Test.Two -->
