<?xml version="1.0" encoding="UTF-8"?>
<!-- Generated by org.testng.reporters.JUnitReportReporter -->
<testsuite hostname="DESKTOP-1TO35R0" failures="0" tests="2" name="Test.ThirtyOne" time="0.001" errors="0" timestamp="2022-11-12T18:46:39 IST" skipped="0">
  <testcase classname="Test.ThirtyOne" name="thirtyOne" time="0.000"/>
  <system-out/>
  <testcase classname="Test.ThirtyOne" name="thirtyTwo" time="0.001"/>
  <system-out/>
</testsuite> <!-- Test.ThirtyOne -->
