<?xml version="1.0" encoding="UTF-8"?>
<!-- Generated by org.testng.reporters.JUnitReportReporter -->
<testsuite hostname="DESKTOP-1TO35R0" failures="0" tests="1" name="Test.TwentyOne" time="0.001" errors="0" timestamp="2022-11-11T13:13:34 IST" skipped="0">
  <testcase classname="Test.TwentyOne" name="twentyTwo" time="0.001"/>
  <system-out/>
</testsuite> <!-- Test.TwentyOne -->
