<?xml version="1.0" encoding="UTF-8"?>
<!-- Generated by org.testng.reporters.JUnitReportReporter -->
<testsuite hostname="DESKTOP-1TO35R0" failures="0" tests="1" name="Test.Intro2" time="0.001" errors="0" timestamp="2022-11-10T15:02:35 IST" skipped="0">
  <testcase classname="Test.Intro2" name="ploan" time="0.001"/>
  <system-out/>
</testsuite> <!-- Test.Intro2 -->
